<?xml version="1.0" encoding="UTF-8"?>
<testng-results ignored="0" total="1" passed="1" failed="0" skipped="0">
  <reporter-output>
  </reporter-output>
  <suite started-at="2024-03-20T11:30:53Z" name="Default suite" finished-at="2024-03-20T11:30:53Z" duration-ms="12">
    <groups>
    </groups>
    <test started-at="2024-03-20T11:30:53Z" name="Default test" finished-at="2024-03-20T11:30:53Z" duration-ms="12">
      <class name="testNG.AnnotationHierarchyExample">
        <test-method is-config="true" signature="beforeSuite()[pri:0, instance:testNG.AnnotationHierarchyExample@4ff8d125]" started-at="2024-03-20T17:00:53Z" name="beforeSuite" finished-at="2024-03-20T17:00:53Z" duration-ms="5" status="PASS">
          <reporter-output>
          </reporter-output>
        </test-method> <!-- beforeSuite -->
        <test-method is-config="true" signature="beforeTest()[pri:0, instance:testNG.AnnotationHierarchyExample@4ff8d125]" started-at="2024-03-20T17:00:53Z" name="beforeTest" finished-at="2024-03-20T17:00:53Z" duration-ms="2" status="PASS">
          <reporter-output>
          </reporter-output>
        </test-method> <!-- beforeTest -->
        <test-method is-config="true" signature="beforeClass()[pri:0, instance:testNG.AnnotationHierarchyExample@4ff8d125]" started-at="2024-03-20T17:00:53Z" name="beforeClass" finished-at="2024-03-20T17:00:53Z" duration-ms="0" status="PASS">
          <reporter-output>
          </reporter-output>
        </test-method> <!-- beforeClass -->
        <test-method is-config="true" signature="beforeMethod()[pri:0, instance:testNG.AnnotationHierarchyExample@4ff8d125]" started-at="2024-03-20T17:00:53Z" name="beforeMethod" finished-at="2024-03-20T17:00:53Z" duration-ms="0" status="PASS">
          <reporter-output>
          </reporter-output>
        </test-method> <!-- beforeMethod -->
        <test-method signature="test()[pri:0, instance:testNG.AnnotationHierarchyExample@4ff8d125]" started-at="2024-03-20T17:00:53Z" name="test" finished-at="2024-03-20T17:00:53Z" duration-ms="3" status="PASS">
          <reporter-output>
          </reporter-output>
        </test-method> <!-- test -->
        <test-method is-config="true" signature="afterMethod()[pri:0, instance:testNG.AnnotationHierarchyExample@4ff8d125]" started-at="2024-03-20T17:00:53Z" name="afterMethod" finished-at="2024-03-20T17:00:53Z" duration-ms="0" status="PASS">
          <reporter-output>
          </reporter-output>
        </test-method> <!-- afterMethod -->
        <test-method is-config="true" signature="afterClass()[pri:0, instance:testNG.AnnotationHierarchyExample@4ff8d125]" started-at="2024-03-20T17:00:53Z" name="afterClass" finished-at="2024-03-20T17:00:53Z" duration-ms="0" status="PASS">
          <reporter-output>
          </reporter-output>
        </test-method> <!-- afterClass -->
        <test-method is-config="true" signature="afterTest()[pri:0, instance:testNG.AnnotationHierarchyExample@4ff8d125]" started-at="2024-03-20T17:00:53Z" name="afterTest" finished-at="2024-03-20T17:00:53Z" duration-ms="1" status="PASS">
          <reporter-output>
          </reporter-output>
        </test-method> <!-- afterTest -->
        <test-method is-config="true" signature="afterSuite()[pri:0, instance:testNG.AnnotationHierarchyExample@4ff8d125]" started-at="2024-03-20T17:00:53Z" name="afterSuite" finished-at="2024-03-20T17:00:53Z" duration-ms="0" status="PASS">
          <reporter-output>
          </reporter-output>
        </test-method> <!-- afterSuite -->
      </class> <!-- testNG.AnnotationHierarchyExample -->
    </test> <!-- Default test -->
  </suite> <!-- Default suite -->
</testng-results>
